2023-05-05T15:16:28.433+05:30  INFO [order,,] 11800 --- [main] c.c.c.ConfigServicePropertySourceLocator : Fetching config from server at : http://localhost:8888
2023-05-05T15:16:28.848+05:30  INFO [order,,] 11800 --- [main] c.c.c.ConfigServicePropertySourceLocator : Exception on Url - http://localhost:8888:org.springframework.web.client.ResourceAccessException: I/O error on GET request for "http://localhost:8888/order/default": Connection refused: no further information. Will be trying the next url if available
2023-05-05T15:16:28.849+05:30  WARN [order,,] 11800 --- [main] c.c.c.ConfigServicePropertySourceLocator : Could not locate PropertySource: I/O error on GET request for "http://localhost:8888/order/default": Connection refused: no further information
2023-05-05T15:16:28.862+05:30  INFO [order,,] 11800 --- [main] c.tsg.ust.order.OrderApplicationTests    : The following 1 profile is active: "dev"
2023-05-05T15:16:30.276+05:30  INFO [order,,] 11800 --- [main] .s.d.r.c.RepositoryConfigurationDelegate : Bootstrapping Spring Data JPA repositories in DEFAULT mode.
2023-05-05T15:16:30.376+05:30  INFO [order,,] 11800 --- [main] .s.d.r.c.RepositoryConfigurationDelegate : Finished Spring Data repository scanning in 83 ms. Found 2 JPA repository interfaces.
2023-05-05T15:16:31.675+05:30  INFO [order,,] 11800 --- [main] o.s.cloud.context.scope.GenericScope     : BeanFactory id=695f7d8e-5841-3607-b554-65c6b41a1d76
2023-05-05T15:16:31.894+05:30  INFO [order,,] 11800 --- [main] trationDelegate$BeanPostProcessorChecker : Bean 'com.tsg.ust.bayada.adapter.KitchenServiceClient' of type [org.springframework.cloud.openfeign.FeignClientFactoryBean] is not eligible for getting processed by all BeanPostProcessors (for example: not eligible for auto-proxying)
2023-05-05T15:16:33.483+05:30  INFO [order,,] 11800 --- [main] o.hibernate.jpa.internal.util.LogHelper  : HHH000204: Processing PersistenceUnitInfo [name: default]
2023-05-05T15:16:36.517+05:30  INFO [order,,] 11800 --- [main] org.hibernate.Version                    : HHH000412: Hibernate ORM core version 6.1.7.Final
2023-05-05T15:16:39.161+05:30  INFO [order,,] 11800 --- [main] com.zaxxer.hikari.HikariDataSource       : HikariPool-1 - Starting...
2023-05-05T15:16:39.945+05:30  INFO [order,,] 11800 --- [main] com.zaxxer.hikari.pool.HikariPool        : HikariPool-1 - Added connection com.mysql.cj.jdbc.ConnectionImpl@37dec463
2023-05-05T15:16:39.947+05:30  INFO [order,,] 11800 --- [main] com.zaxxer.hikari.HikariDataSource       : HikariPool-1 - Start completed.
2023-05-05T15:16:41.072+05:30  WARN [order,,] 11800 --- [main] org.hibernate.dialect.Dialect            : HHH000511: The 5.5.0 version for [org.hibernate.dialect.MySQLDialect] is no longer supported, hence certain features may not work properly. The minimum supported version is 5.7.0. Check the community dialects project for available legacy versions.
2023-05-05T15:16:41.101+05:30  INFO [order,,] 11800 --- [main] SQL dialect                              : HHH000400: Using dialect: org.hibernate.dialect.MySQLDialect
2023-05-05T15:16:49.973+05:30  INFO [order,,] 11800 --- [main] o.h.e.t.j.p.i.JtaPlatformInitiator       : HHH000490: Using JtaPlatform implementation: [org.hibernate.engine.transaction.jta.platform.internal.NoJtaPlatform]
2023-05-05T15:16:50.047+05:30  INFO [order,,] 11800 --- [main] j.LocalContainerEntityManagerFactoryBean : Initialized JPA EntityManagerFactory for persistence unit 'default'
2023-05-05T15:16:50.487+05:30  WARN [order,,] 11800 --- [main] JpaBaseConfiguration$JpaWebConfiguration : spring.jpa.open-in-view is enabled by default. Therefore, database queries may be performed during view rendering. Explicitly configure spring.jpa.open-in-view to disable this warning
2023-05-05T15:17:00.460+05:30  INFO [order,,] 11800 --- [main] o.s.b.a.e.web.EndpointLinksResolver      : Exposing 24 endpoint(s) beneath base path '/actuator'
2023-05-05T15:17:01.308+05:30  INFO [order,,] 11800 --- [main] c.tsg.ust.order.OrderApplicationTests    : Started OrderApplicationTests in 36.547 seconds (process running for 47.458)
2023-05-05T15:17:07.501+05:30  INFO [order,,] 11800 --- [main] domain.com.tsg.bayada.joy.UserService    : in service
2023-05-05T15:17:07.514+05:30  INFO [order,,] 11800 --- [main] domain.com.tsg.bayada.joy.UserService    : executed DB call
2023-05-05T15:17:07.553+05:30  INFO [order,,] 11800 --- [main] domain.com.tsg.bayada.joy.UserService    : in service
2023-05-05T15:17:07.554+05:30  INFO [order,,] 11800 --- [main] domain.com.tsg.bayada.joy.UserService    : executed DB call
2023-05-05T15:17:07.602+05:30  INFO [order,,] 11800 --- [SpringApplicationShutdownHook] j.LocalContainerEntityManagerFactoryBean : Closing JPA EntityManagerFactory for persistence unit 'default'
2023-05-05T15:17:07.605+05:30  INFO [order,,] 11800 --- [SpringApplicationShutdownHook] com.zaxxer.hikari.HikariDataSource       : HikariPool-1 - Shutdown initiated...
2023-05-05T15:17:07.760+05:30  INFO [order,,] 11800 --- [SpringApplicationShutdownHook] com.zaxxer.hikari.HikariDataSource       : HikariPool-1 - Shutdown completed.
